<?xml version="1.0" encoding="UTF-8"?>
<robot generator="Robot 7.1.1 (Python 3.11.0 on win32)" generated="2024-10-29T23:31:14.388640" rpa="false" schemaversion="5">
<suite id="s1" name="Tests" source="C:\Users\arodr\OneDrive\Documentos\DQE\robot_new_try\RobotFrameworkTask\AdventureWorksProject\robot\tests\tests.robot">
<kw name="Connect To Database" owner="DatabaseLibrary" type="SETUP">
<msg time="2024-10-29T23:31:14.487398" level="INFO">Looking for configuration file: 'resources\db.cfg'</msg>
<msg time="2024-10-29T23:31:14.487398" level="INFO">Configuration file doesn't exist</msg>
<msg time="2024-10-29T23:31:14.503659" level="INFO">Connect to DB using : pymssql.connect(database='AdventureWorks2012', user='Adventure_Login', password=***, host='LAPTOP-EFO3HTGH', port=1433, charset='UTF-8')</msg>
<arg>pymssql</arg>
<arg>${DBName}</arg>
<arg>${DBUser}</arg>
<arg>${DBPass}</arg>
<arg>${DBHost}</arg>
<arg>${DBPort}</arg>
<doc>Creates a database connection using the DB API 2.0 ``db_module`` and the parameters provided.
Along with listed commonly used arguments (`db_name`, `db_host` etc.)
you can set any other DB module specific parameters as key/value pairs.</doc>
<status status="PASS" start="2024-10-29T23:31:14.486396" elapsed="0.095320"/>
</kw>
<test id="s1-t1" name="Verify the count of records in Address table where city is Salt Lake City" line="9">
<kw name="Verify Row Count is Equal to 4" owner="keywords">
<kw name="Row Count Is Equal To X" owner="DatabaseLibrary">
<msg time="2024-10-29T23:31:14.582719" level="WARN">Keyword 'DatabaseLibrary.Row Count Is Equal To X' is deprecated. Use new `Check Row Count` keyword with assertion engine instead.
The deprecated keyword will be removed in future versions.</msg>
<msg time="2024-10-29T23:31:14.583716" level="INFO" html="true">Executing sql:&lt;br&gt;&lt;code style="font-weight: bold;"&gt;SELECT * FROM person.address WHERE city = 'Salt Lake City';&lt;/code&gt;</msg>
<msg time="2024-10-29T23:31:14.615842" level="INFO">Retrieved 4 rows</msg>
<msg time="2024-10-29T23:31:14.615842" level="INFO" html="true">&lt;div style="max-width: 100%; overflow-x: auto;"&gt;&lt;table style="width: auto; border-collapse: collapse; border: 2px solid rgb(140 140 140)"&gt;&lt;caption style="text-align: left; font-weight: bold; padding: 5px;"&gt;Query returned 4 rows&lt;/caption&gt;&lt;tr&gt;&lt;th scope="col" style="background-color: #d6ecd4; border: 1px solid rgb(160 160 160);padding: 8px 10px;text-align: center;"&gt;Row&lt;/th&gt;&lt;th scope="col" style="background-color: #505050; color: #fff;border: 1px solid rgb(160 160 160);padding: 8px 10px;text-align: center;"&gt;AddressID&lt;/th&gt;&lt;th scope="col" style="background-color: #505050; color: #fff;border: 1px solid rgb(160 160 160);padding: 8px 10px;text-align: center;"&gt;AddressLine1&lt;/th&gt;&lt;th scope="col" style="background-color: #505050; color: #fff;border: 1px solid rgb(160 160 160);padding: 8px 10px;text-align: center;"&gt;AddressLine2&lt;/th&gt;&lt;th scope="col" style="background-color: #505050; color: #fff;border: 1px solid rgb(160 160 160);padding: 8px 10px;text-align: center;"&gt;City&lt;/th&gt;&lt;th scope="col" style="background-color: #505050; color: #fff;border: 1px solid rgb(160 160 160);padding: 8px 10px;text-align: center;"&gt;StateProvinceID&lt;/th&gt;&lt;th scope="col" style="background-color: #505050; color: #fff;border: 1px solid rgb(160 160 160);padding: 8px 10px;text-align: center;"&gt;PostalCode&lt;/th&gt;&lt;th scope="col" style="background-color: #505050; color: #fff;border: 1px solid rgb(160 160 160);padding: 8px 10px;text-align: center;"&gt;SpatialLocation&lt;/th&gt;&lt;th scope="col" style="background-color: #505050; color: #fff;border: 1px solid rgb(160 160 160);padding: 8px 10px;text-align: center;"&gt;rowguid&lt;/th&gt;&lt;th scope="col" style="background-color: #505050; color: #fff;border: 1px solid rgb(160 160 160);padding: 8px 10px;text-align: center;"&gt;ModifiedDate&lt;/th&gt;&lt;/tr&gt;&lt;tr style="background-color: #eee;"&gt;&lt;th scope="row" style="background-color: #d6ecd4;border: 1px solid rgb(160 160 160);padding: 8px 10px;text-align: center;"&gt;0&lt;/th&gt;&lt;td style="border: 1px solid rgb(160 160 160);padding: 8px 10px;text-align: center;"&gt;996&lt;/td&gt;&lt;td style="border: 1px solid rgb(160 160 160);padding: 8px 10px;text-align: center;"&gt;2575 West 2700 South&lt;/td&gt;&lt;td style="border: 1px solid rgb(160 160 160);padding: 8px 10px;text-align: center;"&gt;None&lt;/td&gt;&lt;td style="border: 1px solid rgb(160 160 160);padding: 8px 10px;text-align: center;"&gt;Salt Lake City&lt;/td&gt;&lt;td style="border: 1px solid rgb(160 160 160);padding: 8px 10px;text-align: center;"&gt;74&lt;/td&gt;&lt;td style="border: 1px solid rgb(160 160 160);padding: 8px 10px;text-align: center;"&gt;84101&lt;/td&gt;&lt;td style="border: 1px solid rgb(160 160 160);padding: 8px 10px;text-align: center;"&gt;b'\xe6\x10\x00\x00\x01\x0cn\x9a\xdc6\xafTD@\xac\x18\x0b[L\xf8[\xc0'&lt;/td&gt;&lt;td style="border: 1px solid rgb(160 160 160);padding: 8px 10px;text-align: center;"&gt;708fc1dd-4994-4aa5-80a5-8c977c37aa15&lt;/td&gt;&lt;td style="border: 1px solid rgb(160 160 160);padding: 8px 10px;text-align: center;"&gt;2012-06-30 00:00:00&lt;/td&gt;&lt;/tr&gt;&lt;tr&gt;&lt;th scope="row" style="background-color: #d6ecd4;border: 1px solid rgb(160 160 160);padding: 8px 10px;text-align: center;"&gt;1&lt;/th&gt;&lt;td style="border: 1px solid rgb(160 160 160);padding: 8px 10px;text-align: center;"&gt;990&lt;/td&gt;&lt;td style="border: 1px solid rgb(160 160 160);padding: 8px 10px;text-align: center;"&gt;5420 West 22500 South&lt;/td&gt;&lt;td style="border: 1px solid rgb(160 160 160);padding: 8px 10px;text-align: center;"&gt;None&lt;/td&gt;&lt;td style="border: 1px solid rgb(160 160 160);padding: 8px 10px;text-align: center;"&gt;Salt Lake City&lt;/td&gt;&lt;td style="border: 1px solid rgb(160 160 160);padding: 8px 10px;text-align: center;"&gt;74&lt;/td&gt;&lt;td style="border: 1px solid rgb(160 160 160);padding: 8px 10px;text-align: center;"&gt;84101&lt;/td&gt;&lt;td style="border: 1px solid rgb(160 160 160);padding: 8px 10px;text-align: center;"&gt;b'\xe6\x10\x00\x00\x01\x0c\xe4\x04Or\xde[D@\t\xd22#*\x02\\\xc0'&lt;/td&gt;&lt;td style="border: 1px solid rgb(160 160 160);padding: 8px 10px;text-align: center;"&gt;7612c47a-e24a-4bd8-9b8b-3aed15af64f9&lt;/td&gt;&lt;td style="border: 1px solid rgb(160 160 160);padding: 8px 10px;text-align: center;"&gt;2012-05-30 00:00:00&lt;/td&gt;&lt;/tr&gt;&lt;tr style="background-color: #eee;"&gt;&lt;th scope="row" style="background-color: #d6ecd4;border: 1px solid rgb(160 160 160);padding: 8px 10px;text-align: center;"&gt;2&lt;/th&gt;&lt;td style="border: 1px solid rgb(160 160 160);padding: 8px 10px;text-align: center;"&gt;359&lt;/td&gt;&lt;td style="border: 1px solid rgb(160 160 160);padding: 8px 10px;text-align: center;"&gt;6119 11th&lt;/td&gt;&lt;td style="border: 1px solid rgb(160 160 160);padding: 8px 10px;text-align: center;"&gt;None&lt;/td&gt;&lt;td style="border: 1px solid rgb(160 160 160);padding: 8px 10px;text-align: center;"&gt;Salt Lake City&lt;/td&gt;&lt;td style="border: 1px solid rgb(160 160 160);padding: 8px 10px;text-align: center;"&gt;74&lt;/td&gt;&lt;td style="border: 1px solid rgb(160 160 160);padding: 8px 10px;text-align: center;"&gt;84101&lt;/td&gt;&lt;td style="border: 1px solid rgb(160 160 160);padding: 8px 10px;text-align: center;"&gt;b'\xe6\x10\x00\x00\x01\x0cW\xc5&gt;=[iD@yw\x8b\x98"\xff[\xc0'&lt;/td&gt;&lt;td style="border: 1px solid rgb(160 160 160);padding: 8px 10px;text-align: center;"&gt;e16ab1f6-c0c6-40ea-884f-c80c09bb2ec9&lt;/td&gt;&lt;td style="border: 1px solid rgb(160 160 160);padding: 8px 10px;text-align: center;"&gt;2012-01-25 00:00:00&lt;/td&gt;&lt;/tr&gt;&lt;tr&gt;&lt;th scope="row" style="background-color: #d6ecd4;border: 1px solid rgb(160 160 160);padding: 8px 10px;text-align: center;"&gt;3&lt;/th&gt;&lt;td style="border: 1px solid rgb(160 160 160);padding: 8px 10px;text-align: center;"&gt;357&lt;/td&gt;&lt;td style="border: 1px solid rgb(160 160 160);padding: 8px 10px;text-align: center;"&gt;683 Larch Ct.&lt;/td&gt;&lt;td style="border: 1px solid rgb(160 160 160);padding: 8px 10px;text-align: center;"&gt;None&lt;/td&gt;&lt;td style="border: 1px solid rgb(160 160 160);padding: 8px 10px;text-align: center;"&gt;Salt Lake City&lt;/td&gt;&lt;td style="border: 1px solid rgb(160 160 160);padding: 8px 10px;text-align: center;"&gt;74&lt;/td&gt;&lt;td style="border: 1px solid rgb(160 160 160);padding: 8px 10px;text-align: center;"&gt;84101&lt;/td&gt;&lt;td style="border: 1px solid rgb(160 160 160);padding: 8px 10px;text-align: center;"&gt;b'\xe6\x10\x00\x00\x01\x0c\x96\x83\xd5\xa8BYD@\xc7H\\\x1a\x92\xf9[\xc0'&lt;/td&gt;&lt;td style="border: 1px solid rgb(160 160 160);padding: 8px 10px;text-align: center;"&gt;b870f6ac-d9a3-4909-a176-7b934a1785d9&lt;/td&gt;&lt;td style="border: 1px solid rgb(160 160 160);padding: 8px 10px;text-align: center;"&gt;2012-01-25 00:00:00&lt;/td&gt;&lt;/tr&gt;&lt;/table&gt;&lt;/div&gt;</msg>
<arg>SELECT * FROM person.address WHERE city = 'Salt Lake City';</arg>
<arg>4</arg>
<doc>*DEPRECATED* Use new `Check Row Count` keyword with assertion engine instead.
The deprecated keyword will be removed in future versions.</doc>
<status status="PASS" start="2024-10-29T23:31:14.582719" elapsed="0.034121"/>
</kw>
<status status="PASS" start="2024-10-29T23:31:14.582719" elapsed="0.034121"/>
</kw>
<doc>| *Setup:*
| 0. Connect to DB AdventureWorks2012
|
| *Test Steps:*
| 1. Query table [Person].[Address] and filter by city Salt Lake City
|
| *Expected result:*
| 0. Four records were returned after running the query</doc>
<status status="PASS" start="2024-10-29T23:31:14.581716" elapsed="0.035124"/>
</test>
<test id="s1-t2" name="Verify that the address '1226 Shoe St.' exists in Address table" line="22">
<kw name="Check If Exists In DB - 1226 Shoe St." owner="keywords">
<kw name="Check If Exists In Database" owner="DatabaseLibrary">
<msg time="2024-10-29T23:31:14.618840" level="WARN">Keyword 'DatabaseLibrary.Check If Exists In Database' is deprecated. Use new `Check Row Count` keyword with assertion engine instead.
The deprecated keyword will be removed in future versions.</msg>
<msg time="2024-10-29T23:31:14.619842" level="INFO" html="true">Executing sql:&lt;br&gt;&lt;code style="font-weight: bold;"&gt;SELECT AddressID FROM person.address WHERE AddressLine1 = '1226 Shoe St.';&lt;/code&gt;</msg>
<msg time="2024-10-29T23:31:14.622971" level="INFO" html="true">&lt;div style="max-width: 100%; overflow-x: auto;"&gt;&lt;table style="width: auto; border-collapse: collapse; border: 2px solid rgb(140 140 140)"&gt;&lt;caption style="text-align: left; font-weight: bold; padding: 5px;"&gt;Query returned 1 rows&lt;/caption&gt;&lt;tr&gt;&lt;th scope="col" style="background-color: #d6ecd4; border: 1px solid rgb(160 160 160);padding: 8px 10px;text-align: center;"&gt;Row&lt;/th&gt;&lt;th scope="col" style="background-color: #505050; color: #fff;border: 1px solid rgb(160 160 160);padding: 8px 10px;text-align: center;"&gt;AddressID&lt;/th&gt;&lt;/tr&gt;&lt;tr style="background-color: #eee;"&gt;&lt;th scope="row" style="background-color: #d6ecd4;border: 1px solid rgb(160 160 160);padding: 8px 10px;text-align: center;"&gt;0&lt;/th&gt;&lt;td style="border: 1px solid rgb(160 160 160);padding: 8px 10px;text-align: center;"&gt;5&lt;/td&gt;&lt;/tr&gt;&lt;/table&gt;&lt;/div&gt;</msg>
<arg>SELECT AddressID FROM person.address WHERE AddressLine1 = '1226 Shoe St.';</arg>
<doc>*DEPRECATED* Use new `Check Row Count` keyword with assertion engine instead.
The deprecated keyword will be removed in future versions.</doc>
<status status="PASS" start="2024-10-29T23:31:14.618840" elapsed="0.005275"/>
</kw>
<status status="PASS" start="2024-10-29T23:31:14.617841" elapsed="0.006274"/>
</kw>
<doc>| *Setup:*
| 0. Connect to DB AdventureWorks2012
|
| *Test Steps:*
| 1. Query table [Person].[Address] and filter by address 1226 Shoe St.
|
| *Expected result:*
| 0. At least one record is returned by the query</doc>
<status status="PASS" start="2024-10-29T23:31:14.616840" elapsed="0.007275"/>
</test>
<test id="s1-t3" name="Verify that there are not Document levels different to 0,1 or 2 in Document table" line="34">
<kw name="Verify Row Count is 0" owner="keywords">
<kw name="Row Count Is 0" owner="DatabaseLibrary">
<msg time="2024-10-29T23:31:14.626119" level="WARN">Keyword 'DatabaseLibrary.Row Count Is 0' is deprecated. Use new `Check Row Count` keyword with assertion engine instead.
The deprecated keyword will be removed in future versions.</msg>
<msg time="2024-10-29T23:31:14.626119" level="INFO" html="true">Executing sql:&lt;br&gt;&lt;code style="font-weight: bold;"&gt;SELECT * FROM Production.Document WHERE DocumentLevel NOT IN (0,1,2 );&lt;/code&gt;</msg>
<msg time="2024-10-29T23:31:14.641361" level="INFO">Retrieved 0 rows</msg>
<msg time="2024-10-29T23:31:14.641361" level="INFO" html="true">&lt;div style="max-width: 100%; overflow-x: auto;"&gt;&lt;table style="width: auto; border-collapse: collapse; border: 2px solid rgb(140 140 140)"&gt;&lt;caption style="text-align: left; font-weight: bold; padding: 5px;"&gt;Query returned 0 rows&lt;/caption&gt;&lt;tr&gt;&lt;th scope="col" style="background-color: #d6ecd4; border: 1px solid rgb(160 160 160);padding: 8px 10px;text-align: center;"&gt;Row&lt;/th&gt;&lt;th scope="col" style="background-color: #505050; color: #fff;border: 1px solid rgb(160 160 160);padding: 8px 10px;text-align: center;"&gt;DocumentNode&lt;/th&gt;&lt;th scope="col" style="background-color: #505050; color: #fff;border: 1px solid rgb(160 160 160);padding: 8px 10px;text-align: center;"&gt;DocumentLevel&lt;/th&gt;&lt;th scope="col" style="background-color: #505050; color: #fff;border: 1px solid rgb(160 160 160);padding: 8px 10px;text-align: center;"&gt;Title&lt;/th&gt;&lt;th scope="col" style="background-color: #505050; color: #fff;border: 1px solid rgb(160 160 160);padding: 8px 10px;text-align: center;"&gt;Owner&lt;/th&gt;&lt;th scope="col" style="background-color: #505050; color: #fff;border: 1px solid rgb(160 160 160);padding: 8px 10px;text-align: center;"&gt;FolderFlag&lt;/th&gt;&lt;th scope="col" style="background-color: #505050; color: #fff;border: 1px solid rgb(160 160 160);padding: 8px 10px;text-align: center;"&gt;FileName&lt;/th&gt;&lt;th scope="col" style="background-color: #505050; color: #fff;border: 1px solid rgb(160 160 160);padding: 8px 10px;text-align: center;"&gt;FileExtension&lt;/th&gt;&lt;th scope="col" style="background-color: #505050; color: #fff;border: 1px solid rgb(160 160 160);padding: 8px 10px;text-align: center;"&gt;Revision&lt;/th&gt;&lt;th scope="col" style="background-color: #505050; color: #fff;border: 1px solid rgb(160 160 160);padding: 8px 10px;text-align: center;"&gt;ChangeNumber&lt;/th&gt;&lt;th scope="col" style="background-color: #505050; color: #fff;border: 1px solid rgb(160 160 160);padding: 8px 10px;text-align: center;"&gt;Status&lt;/th&gt;&lt;th scope="col" style="background-color: #505050; color: #fff;border: 1px solid rgb(160 160 160);padding: 8px 10px;text-align: center;"&gt;DocumentSummary&lt;/th&gt;&lt;th scope="col" style="background-color: #505050; color: #fff;border: 1px solid rgb(160 160 160);padding: 8px 10px;text-align: center;"&gt;Document&lt;/th&gt;&lt;th scope="col" style="background-color: #505050; color: #fff;border: 1px solid rgb(160 160 160);padding: 8px 10px;text-align: center;"&gt;rowguid&lt;/th&gt;&lt;th scope="col" style="background-color: #505050; color: #fff;border: 1px solid rgb(160 160 160);padding: 8px 10px;text-align: center;"&gt;ModifiedDate&lt;/th&gt;&lt;/tr&gt;&lt;/table&gt;&lt;/div&gt;</msg>
<arg>SELECT * FROM Production.Document WHERE DocumentLevel NOT IN (0,1,2 );</arg>
<doc>*DEPRECATED* Use new `Check Row Count` keyword with assertion engine instead.
The deprecated keyword will be removed in future versions.</doc>
<status status="PASS" start="2024-10-29T23:31:14.626119" elapsed="0.016247"/>
</kw>
<status status="PASS" start="2024-10-29T23:31:14.626119" elapsed="0.016247"/>
</kw>
<doc>| *Setup:*
| 0. Connect to DB AdventureWorks2012
|
| *Test Steps:*
| 1. Query table [Production].[Document] and filter by DocumentLevel not in 0, 1 or 2
|
| *Expected result:*
| 0. Row count is 0</doc>
<status status="PASS" start="2024-10-29T23:31:14.625121" elapsed="0.017245"/>
</test>
<test id="s1-t4" name="Verify that there is a document called Lubrication Maintenance in table Document" line="46">
<kw name="Verify Row Count is Equal to 1" owner="keywords">
<kw name="Row Count Is Equal To X" owner="DatabaseLibrary">
<msg time="2024-10-29T23:31:14.644479" level="WARN">Keyword 'DatabaseLibrary.Row Count Is Equal To X' is deprecated. Use new `Check Row Count` keyword with assertion engine instead.
The deprecated keyword will be removed in future versions.</msg>
<msg time="2024-10-29T23:31:14.644479" level="INFO" html="true">Executing sql:&lt;br&gt;&lt;code style="font-weight: bold;"&gt;SELECT Title FROM Production.Document WHERE Title = 'Lubrication Maintenance';&lt;/code&gt;</msg>
<msg time="2024-10-29T23:31:14.646486" level="INFO">Retrieved 1 rows</msg>
<msg time="2024-10-29T23:31:14.647566" level="INFO" html="true">&lt;div style="max-width: 100%; overflow-x: auto;"&gt;&lt;table style="width: auto; border-collapse: collapse; border: 2px solid rgb(140 140 140)"&gt;&lt;caption style="text-align: left; font-weight: bold; padding: 5px;"&gt;Query returned 1 rows&lt;/caption&gt;&lt;tr&gt;&lt;th scope="col" style="background-color: #d6ecd4; border: 1px solid rgb(160 160 160);padding: 8px 10px;text-align: center;"&gt;Row&lt;/th&gt;&lt;th scope="col" style="background-color: #505050; color: #fff;border: 1px solid rgb(160 160 160);padding: 8px 10px;text-align: center;"&gt;Title&lt;/th&gt;&lt;/tr&gt;&lt;tr style="background-color: #eee;"&gt;&lt;th scope="row" style="background-color: #d6ecd4;border: 1px solid rgb(160 160 160);padding: 8px 10px;text-align: center;"&gt;0&lt;/th&gt;&lt;td style="border: 1px solid rgb(160 160 160);padding: 8px 10px;text-align: center;"&gt;Lubrication Maintenance&lt;/td&gt;&lt;/tr&gt;&lt;/table&gt;&lt;/div&gt;</msg>
<arg>SELECT Title FROM Production.Document WHERE Title = 'Lubrication Maintenance';</arg>
<arg>1</arg>
<doc>*DEPRECATED* Use new `Check Row Count` keyword with assertion engine instead.
The deprecated keyword will be removed in future versions.</doc>
<status status="PASS" start="2024-10-29T23:31:14.644479" elapsed="0.003087"/>
</kw>
<status status="PASS" start="2024-10-29T23:31:14.643362" elapsed="0.005206"/>
</kw>
<doc>| *Setup:*
| 0. Connect to DB AdventureWorks2012
|
| *Test Steps:*
| 1. Query table [Production].[Document] and filter by Title 'Lubrication Maintenance'
|
| *Expected result:*
| 0. One row is returned</doc>
<status status="PASS" start="2024-10-29T23:31:14.643362" elapsed="0.005206"/>
</test>
<test id="s1-t5" name="Verify that the table 'UnitMeasure' exists" line="57">
<kw name="Check if table exists - UnitMeasure" owner="keywords">
<kw name="Table Must Exist" owner="DatabaseLibrary">
<msg time="2024-10-29T23:31:14.650567" level="INFO" html="true">Executing sql:&lt;br&gt;&lt;code style="font-weight: bold;"&gt;SELECT * FROM information_schema.tables WHERE table_name='UnitMeasure'&lt;/code&gt;</msg>
<msg time="2024-10-29T23:31:14.700020" level="INFO">Retrieved 1 rows</msg>
<msg time="2024-10-29T23:31:14.700020" level="INFO" html="true">&lt;div style="max-width: 100%; overflow-x: auto;"&gt;&lt;table style="width: auto; border-collapse: collapse; border: 2px solid rgb(140 140 140)"&gt;&lt;caption style="text-align: left; font-weight: bold; padding: 5px;"&gt;Query returned 1 rows&lt;/caption&gt;&lt;tr&gt;&lt;th scope="col" style="background-color: #d6ecd4; border: 1px solid rgb(160 160 160);padding: 8px 10px;text-align: center;"&gt;Row&lt;/th&gt;&lt;th scope="col" style="background-color: #505050; color: #fff;border: 1px solid rgb(160 160 160);padding: 8px 10px;text-align: center;"&gt;TABLE_CATALOG&lt;/th&gt;&lt;th scope="col" style="background-color: #505050; color: #fff;border: 1px solid rgb(160 160 160);padding: 8px 10px;text-align: center;"&gt;TABLE_SCHEMA&lt;/th&gt;&lt;th scope="col" style="background-color: #505050; color: #fff;border: 1px solid rgb(160 160 160);padding: 8px 10px;text-align: center;"&gt;TABLE_NAME&lt;/th&gt;&lt;th scope="col" style="background-color: #505050; color: #fff;border: 1px solid rgb(160 160 160);padding: 8px 10px;text-align: center;"&gt;TABLE_TYPE&lt;/th&gt;&lt;/tr&gt;&lt;tr style="background-color: #eee;"&gt;&lt;th scope="row" style="background-color: #d6ecd4;border: 1px solid rgb(160 160 160);padding: 8px 10px;text-align: center;"&gt;0&lt;/th&gt;&lt;td style="border: 1px solid rgb(160 160 160);padding: 8px 10px;text-align: center;"&gt;AdventureWorks2012&lt;/td&gt;&lt;td style="border: 1px solid rgb(160 160 160);padding: 8px 10px;text-align: center;"&gt;Production&lt;/td&gt;&lt;td style="border: 1px solid rgb(160 160 160);padding: 8px 10px;text-align: center;"&gt;UnitMeasure&lt;/td&gt;&lt;td style="border: 1px solid rgb(160 160 160);padding: 8px 10px;text-align: center;"&gt;BASE TABLE&lt;/td&gt;&lt;/tr&gt;&lt;/table&gt;&lt;/div&gt;</msg>
<arg>UnitMeasure</arg>
<doc>Check if the table with `table_name` exists in the database.</doc>
<status status="PASS" start="2024-10-29T23:31:14.649571" elapsed="0.050449"/>
</kw>
<status status="PASS" start="2024-10-29T23:31:14.649571" elapsed="0.050449"/>
</kw>
<doc>| *Setup:*
| 0. Connect to DB AdventureWorks2012
|
| *Test Steps:*
| 1. Check if inside the database there is a table called 'UnitMeasure'
|
| *Expected result:*
| 0. UnitMeasure table exists</doc>
<status status="PASS" start="2024-10-29T23:31:14.648568" elapsed="0.052451"/>
</test>
<test id="s1-t6" name="Verify that 'Fahrenheit' does not exist in UnitMeasure table" line="68">
<kw name="Check If Not Exists in DB - Fahrenheit" owner="keywords">
<kw name="Check If Not Exists In Database" owner="DatabaseLibrary">
<msg time="2024-10-29T23:31:14.702021" level="WARN">Keyword 'DatabaseLibrary.Check If Not Exists In Database' is deprecated. Use new `Check Row Count` keyword with assertion engine instead.
The deprecated keyword will be removed in future versions.</msg>
<msg time="2024-10-29T23:31:14.703023" level="INFO" html="true">Executing sql:&lt;br&gt;&lt;code style="font-weight: bold;"&gt;SELECT * FROM Production.UnitMeasure WHERE Name = 'Fahrenheit';&lt;/code&gt;</msg>
<msg time="2024-10-29T23:31:14.707022" level="INFO" html="true">&lt;div style="max-width: 100%; overflow-x: auto;"&gt;&lt;table style="width: auto; border-collapse: collapse; border: 2px solid rgb(140 140 140)"&gt;&lt;caption style="text-align: left; font-weight: bold; padding: 5px;"&gt;Query returned 0 rows&lt;/caption&gt;&lt;tr&gt;&lt;th scope="col" style="background-color: #d6ecd4; border: 1px solid rgb(160 160 160);padding: 8px 10px;text-align: center;"&gt;Row&lt;/th&gt;&lt;th scope="col" style="background-color: #505050; color: #fff;border: 1px solid rgb(160 160 160);padding: 8px 10px;text-align: center;"&gt;UnitMeasureCode&lt;/th&gt;&lt;th scope="col" style="background-color: #505050; color: #fff;border: 1px solid rgb(160 160 160);padding: 8px 10px;text-align: center;"&gt;Name&lt;/th&gt;&lt;th scope="col" style="background-color: #505050; color: #fff;border: 1px solid rgb(160 160 160);padding: 8px 10px;text-align: center;"&gt;ModifiedDate&lt;/th&gt;&lt;/tr&gt;&lt;/table&gt;&lt;/div&gt;</msg>
<arg>SELECT * FROM Production.UnitMeasure WHERE Name = 'Fahrenheit';</arg>
<doc>*DEPRECATED* Use new `Check Row Count` keyword with assertion engine instead.
The deprecated keyword will be removed in future versions.</doc>
<status status="PASS" start="2024-10-29T23:31:14.702021" elapsed="0.005001"/>
</kw>
<status status="PASS" start="2024-10-29T23:31:14.702021" elapsed="0.005001"/>
</kw>
<doc>| *Setup:*
| 0. Connect to DB AdventureWorks2012
|
| *Test Steps:*
| 1. Query table [Production].[UnitMeasure] and filter by Name 'Fahrenheit'
|
| *Expected result:*
| 0. No records are returned</doc>
<status status="PASS" start="2024-10-29T23:31:14.701019" elapsed="0.007135"/>
</test>
<kw name="Disconnect From Database" owner="DatabaseLibrary" type="TEARDOWN">
<doc>Disconnects from the database.</doc>
<status status="PASS" start="2024-10-29T23:31:14.708154" elapsed="0.001150"/>
</kw>
<status status="PASS" start="2024-10-29T23:31:14.392829" elapsed="0.316475"/>
</suite>
<statistics>
<total>
<stat pass="6" fail="0" skip="0">All Tests</stat>
</total>
<tag>
</tag>
<suite>
<stat pass="6" fail="0" skip="0" id="s1" name="Tests">Tests</stat>
</suite>
</statistics>
<errors>
<msg time="2024-10-29T23:31:14.582719" level="WARN">Keyword 'DatabaseLibrary.Row Count Is Equal To X' is deprecated. Use new `Check Row Count` keyword with assertion engine instead.
The deprecated keyword will be removed in future versions.</msg>
<msg time="2024-10-29T23:31:14.618840" level="WARN">Keyword 'DatabaseLibrary.Check If Exists In Database' is deprecated. Use new `Check Row Count` keyword with assertion engine instead.
The deprecated keyword will be removed in future versions.</msg>
<msg time="2024-10-29T23:31:14.626119" level="WARN">Keyword 'DatabaseLibrary.Row Count Is 0' is deprecated. Use new `Check Row Count` keyword with assertion engine instead.
The deprecated keyword will be removed in future versions.</msg>
<msg time="2024-10-29T23:31:14.644479" level="WARN">Keyword 'DatabaseLibrary.Row Count Is Equal To X' is deprecated. Use new `Check Row Count` keyword with assertion engine instead.
The deprecated keyword will be removed in future versions.</msg>
<msg time="2024-10-29T23:31:14.702021" level="WARN">Keyword 'DatabaseLibrary.Check If Not Exists In Database' is deprecated. Use new `Check Row Count` keyword with assertion engine instead.
The deprecated keyword will be removed in future versions.</msg>
</errors>
</robot>
